[debug] > Exec(early(addDefaultCommands), None, None)
[debug] > Exec(addDefaultCommands, None, None)
[debug] > Exec(early(initialize), None, None)
[debug] > Exec(initialize, None, None)
[debug] > Exec(early(addPluginSbtFile="""C:\Users\sjw49\AppData\Local\Temp\idea4.sbt"""), None, None)
[debug] > Exec(addPluginSbtFile="""C:\Users\sjw49\AppData\Local\Temp\idea4.sbt""", None, None)
[debug] > Exec(boot, None, None)
[debug] > Exec(writeSbtVersion, None, None)
[debug] > Exec(reload, None, None)
[debug] > Exec(sbtStashOnFailure, None, None)
[debug] > Exec(onFailure loadFailed, None, None)
[debug] > Exec(loadp, None, None)
[info] welcome to sbt 1.8.3 (IBM Corporation Java 11.0.24)
[debug] Load.defaultLoad until apply took 43.2866ms
[debug]           Load.loadUnit: plugins took 31.5453ms
[debug]           Load.loadUnit: defsScala took 0.1265ms
[debug] [Loading] Scanning directory C:\Users\sjw49\IdeaProjects\grpc_final\project
[debug]             Load.loadUnit: mkEval took 4.3303ms
[debug] [Loading] Found non-root projects 
[debug] [Loading] Done in C:\Users\sjw49\IdeaProjects\grpc_final\project, returning: ()
[debug] deducing auto plugins based on known facts Set(Atom(sbt.plugins.CorePlugin)) and clauses Clauses(Clause(Atom(sbt.plugins.JvmPlugin),Set(Atom(sbt.plugins.IvyPlugin)))
[debug] Clause(Atom(sbt.ScriptedPlugin),Set(Atom(sbt.plugins.JvmPlugin)))
[debug] Clause(Atom(sbt.plugins.SbtPlugin),Set(Atom(sbt.ScriptedPlugin)))
[debug] Clause(Atom(sbt.plugins.SemanticdbPlugin),Set(Atom(sbt.plugins.JvmPlugin)))
[debug] Clause(Atom(sbt.plugins.JUnitXmlReportPlugin),Set(Atom(sbt.plugins.JvmPlugin)))
[debug] Clause(Atom(sbt.plugins.MiniDependencyTreePlugin),Set(Atom(sbt.plugins.JvmPlugin)))
[debug] Clause(Atom(sbt.plugins.CorePlugin),Set(Atom(sbt.plugins.IvyPlugin)))
[debug] Clause(Atom(sbt.plugins.IvyPlugin),Set(Atom(sbt.plugins.JvmPlugin)))
[debug] Clause(Atom(sbt.plugins.JvmPlugin),Set(Atom(sbt.plugins.SemanticdbPlugin)))
[debug] Clause(Atom(sbt.plugins.JvmPlugin),Set(Atom(sbt.plugins.JUnitXmlReportPlugin)))
[debug] Clause(Atom(sbt.plugins.CorePlugin),Set(Atom(sbt.plugins.Giter8TemplatePlugin)))
[debug] Clause(Atom(sbt.plugins.JvmPlugin),Set(Atom(sbt.plugins.MiniDependencyTreePlugin))))
[debug]   :: deduced result: Matched(sbt.plugins.CorePlugin,sbt.plugins.Giter8TemplatePlugin,sbt.plugins.IvyPlugin,sbt.plugins.JvmPlugin,sbt.plugins.MiniDependencyTreePlugin,sbt.plugins.JUnitXmlReportPlugin,sbt.plugins.SemanticdbPlugin)
[debug] Plugins.deducer#function took 8.1442 ms
[info] loading settings for project grpc_final-build from scalapb.sbt,idea4.sbt ...
[debug]               Load.resolveProject(grpc_final-build) took 24.9079ms
[debug]             Load.loadTransitive: finalizeProject(Project(id grpc_final-build, base: C:\Users\sjw49\IdeaProjects\grpc_final\project, plugins: List(<none>))) took 37.4103ms
[debug] [Loading] Done in C:\Users\sjw49\IdeaProjects\grpc_final\project, returning: (grpc_final-build)
[debug]           Load.loadUnit: loadedProjectsRaw took 1939.5169ms
[debug]           Load.loadUnit: cleanEvalClasses took 3.7823ms
[debug]         Load.loadUnit(file:/C:/Users/sjw49/IdeaProjects/grpc_final/project/, ...) took 1977.2252ms
[debug]       Load.apply: load took 2065.7478ms
[debug]       Load.apply: resolveProjects took 2.6775ms
[debug]       Load.apply: finalTransforms took 44.1154ms
[debug]       Load.apply: config.delegates took 2.6344ms
[debug]       Load.apply: Def.make(settings)... took 364.146ms
[debug]       Load.apply: structureIndex took 75.0751ms
[debug]       Load.apply: mkStreams took 0.8323ms
[info] loading project definition from C:\Users\sjw49\IdeaProjects\grpc_final\project
[debug] Running task... Cancel: Signal, check cycles: false, forcegc: true
[debug]     Load.loadUnit: plugins took 3986.6467ms
[debug]     Load.loadUnit: defsScala took 0.0046ms
[debug] [Loading] Scanning directory C:\Users\sjw49\IdeaProjects\grpc_final
[debug]       Load.loadUnit: mkEval took 0.2017ms
[debug] [Loading] Found root project root w/ remaining 
[debug] deducing auto plugins based on known facts Set(Atom(sbt.plugins.CorePlugin)) and clauses Clauses(Clause(Atom(sbt.plugins.JvmPlugin),Set(Atom(sbt.plugins.IvyPlugin)))
[debug] Clause(Atom(sbt.ScriptedPlugin),Set(Atom(sbt.plugins.JvmPlugin)))
[debug] Clause(Atom(sbt.plugins.SbtPlugin),Set(Atom(sbt.ScriptedPlugin)))
[debug] Clause(Atom(sbt.plugins.SemanticdbPlugin),Set(Atom(sbt.plugins.JvmPlugin)))
[debug] Clause(Atom(sbt.plugins.JUnitXmlReportPlugin),Set(Atom(sbt.plugins.JvmPlugin)))
[debug] Clause(Atom(sbt.plugins.MiniDependencyTreePlugin),Set(Atom(sbt.plugins.JvmPlugin)))
[debug] Clause(Atom(sbtprotoc.ProtocPlugin),Set(Atom(sbt.plugins.JvmPlugin)))
[debug] Clause(Atom(org.jetbrains.sbt.StructurePlugin),Set(Atom(sbt.plugins.JvmPlugin)))
[debug] Clause(Atom(org.jetbrains.sbt.IdeaShellPlugin),Set(Atom(sbt.plugins.JvmPlugin)))
[debug] Clause(Atom(org.portablescala.sbtplatformdeps.PlatformDepsPlugin),Set(Atom(sbt.plugins.JvmPlugin)))
[debug] Clause(Atom(sbt.plugins.CorePlugin),Set(Atom(sbt.plugins.IvyPlugin)))
[debug] Clause(Atom(sbt.plugins.IvyPlugin),Set(Atom(sbt.plugins.JvmPlugin)))
[debug] Clause(Atom(sbt.plugins.JvmPlugin),Set(Atom(sbt.plugins.SemanticdbPlugin)))
[debug] Clause(Atom(sbt.plugins.JvmPlugin),Set(Atom(sbt.plugins.JUnitXmlReportPlugin)))
[debug] Clause(Atom(sbt.plugins.CorePlugin),Set(Atom(sbt.plugins.Giter8TemplatePlugin)))
[debug] Clause(Atom(sbt.plugins.JvmPlugin),Set(Atom(sbt.plugins.MiniDependencyTreePlugin)))
[debug] Clause(Atom(sbt.plugins.JvmPlugin),Set(Atom(sbtprotoc.ProtocPlugin)))
[debug] Clause(Atom(sbt.plugins.JvmPlugin),Set(Atom(org.jetbrains.sbt.StructurePlugin)))
[debug] Clause(Atom(sbt.plugins.JvmPlugin),Set(Atom(org.jetbrains.sbt.IdeaShellPlugin)))
[debug] Clause(Atom(sbt.plugins.JvmPlugin),Set(Atom(org.portablescala.sbtplatformdeps.PlatformDepsPlugin))))
[debug]   :: deduced result: Matched(sbt.plugins.CorePlugin,sbt.plugins.Giter8TemplatePlugin,sbt.plugins.IvyPlugin,sbt.plugins.JvmPlugin,org.portablescala.sbtplatformdeps.PlatformDepsPlugin,sbt.plugins.SemanticdbPlugin,sbt.plugins.JUnitXmlReportPlugin,sbtprotoc.ProtocPlugin,org.jetbrains.sbt.IdeaShellPlugin,org.jetbrains.sbt.StructurePlugin,sbt.plugins.MiniDependencyTreePlugin)
[debug] Plugins.deducer#function took 1.4119 ms
[info] loading settings for project root from build.sbt ...
[debug]         Load.resolveProject(root) took 16.7582ms
[debug]       Load.loadTransitive: finalizeProject(Project(id root, base: C:\Users\sjw49\IdeaProjects\grpc_final, plugins: List(<none>))) took 18.7886ms
[debug] [Loading] Done in C:\Users\sjw49\IdeaProjects\grpc_final, returning: (root)
[debug]     Load.loadUnit: loadedProjectsRaw took 1014.6184ms
[debug]     Load.loadUnit: cleanEvalClasses took 3.0416ms
[debug]   Load.loadUnit(file:/C:/Users/sjw49/IdeaProjects/grpc_final/, ...) took 5005.036ms
[debug] Load.apply: load took 5014.8546ms
[debug] Load.apply: resolveProjects took 0.065ms
[debug] Load.apply: finalTransforms took 19.2478ms
[debug] Load.apply: config.delegates took 0.2425ms
[debug] Load.apply: Def.make(settings)... took 73.943ms
[debug] Load.apply: structureIndex took 11.4756ms
[debug] Load.apply: mkStreams took 0.0022ms
[info] set current project to grpc_final (in build file:/C:/Users/sjw49/IdeaProjects/grpc_final/)
[debug] > Exec(sbtPopOnFailure, None, None)
[debug] > Exec(resumeFromFailure, None, None)
[debug] > Exec(notifyUsersAboutShell, None, None)
[debug] > Exec(iflast shell, None, None)
[debug] > Exec(idea-shell, None, None)
