[debug] > Exec(early(addDefaultCommands), None, None)
[debug] > Exec(addDefaultCommands, None, None)
[debug] > Exec(early(initialize), None, None)
[debug] > Exec(initialize, None, None)
[debug] > Exec(early(addPluginSbtFile="""C:\Users\sjw49\AppData\Local\Temp\idea5481.sbt"""), None, None)
[debug] > Exec(addPluginSbtFile="""C:\Users\sjw49\AppData\Local\Temp\idea5481.sbt""", None, None)
[debug] > Exec(boot, None, None)
[debug] > Exec(writeSbtVersion, None, None)
[debug] > Exec(reload, None, None)
[debug] > Exec(sbtStashOnFailure, None, None)
[debug] > Exec(onFailure loadFailed, None, None)
[debug] > Exec(loadp, None, None)
[info] welcome to sbt 1.8.3 (IBM Corporation Java 11.0.24)
[debug] Load.defaultLoad until apply took 40.2019ms
[debug]           Load.loadUnit: plugins took 30.5252ms
[debug]           Load.loadUnit: defsScala took 0.1251ms
[debug] [Loading] Scanning directory C:\Users\sjw49\IdeaProjects\sortNpartition\project
[debug]             Load.loadUnit: mkEval took 2.0296ms
[debug] [Loading] Found non-root projects 
[debug] [Loading] Done in C:\Users\sjw49\IdeaProjects\sortNpartition\project, returning: ()
[debug] deducing auto plugins based on known facts Set(Atom(sbt.plugins.CorePlugin)) and clauses Clauses(Clause(Atom(sbt.plugins.JvmPlugin),Set(Atom(sbt.plugins.IvyPlugin)))
[debug] Clause(Atom(sbt.ScriptedPlugin),Set(Atom(sbt.plugins.JvmPlugin)))
[debug] Clause(Atom(sbt.plugins.SbtPlugin),Set(Atom(sbt.ScriptedPlugin)))
[debug] Clause(Atom(sbt.plugins.SemanticdbPlugin),Set(Atom(sbt.plugins.JvmPlugin)))
[debug] Clause(Atom(sbt.plugins.JUnitXmlReportPlugin),Set(Atom(sbt.plugins.JvmPlugin)))
[debug] Clause(Atom(sbt.plugins.MiniDependencyTreePlugin),Set(Atom(sbt.plugins.JvmPlugin)))
[debug] Clause(Atom(sbt.plugins.CorePlugin),Set(Atom(sbt.plugins.IvyPlugin)))
[debug] Clause(Atom(sbt.plugins.IvyPlugin),Set(Atom(sbt.plugins.JvmPlugin)))
[debug] Clause(Atom(sbt.plugins.JvmPlugin),Set(Atom(sbt.plugins.SemanticdbPlugin)))
[debug] Clause(Atom(sbt.plugins.JvmPlugin),Set(Atom(sbt.plugins.JUnitXmlReportPlugin)))
[debug] Clause(Atom(sbt.plugins.CorePlugin),Set(Atom(sbt.plugins.Giter8TemplatePlugin)))
[debug] Clause(Atom(sbt.plugins.JvmPlugin),Set(Atom(sbt.plugins.MiniDependencyTreePlugin))))
[debug]   :: deduced result: Matched(sbt.plugins.CorePlugin,sbt.plugins.Giter8TemplatePlugin,sbt.plugins.IvyPlugin,sbt.plugins.JvmPlugin,sbt.plugins.MiniDependencyTreePlugin,sbt.plugins.JUnitXmlReportPlugin,sbt.plugins.SemanticdbPlugin)
[debug] Plugins.deducer#function took 8.06 ms
[info] loading settings for project sortnpartition-build from idea5481.sbt ...
[debug]               Load.resolveProject(sortnpartition-build) took 28.251ms
[debug]             Load.loadTransitive: finalizeProject(Project(id sortnpartition-build, base: C:\Users\sjw49\IdeaProjects\sortNpartition\project, plugins: List(<none>))) took 39.9128ms
[debug] [Loading] Done in C:\Users\sjw49\IdeaProjects\sortNpartition\project, returning: (sortnpartition-build)
[debug]           Load.loadUnit: loadedProjectsRaw took 1722.6607ms
[debug]           Load.loadUnit: cleanEvalClasses took 4.1355ms
[debug]         Load.loadUnit(file:/C:/Users/sjw49/IdeaProjects/sortNpartition/project/, ...) took 1759.7637ms
[debug]       Load.apply: load took 1856.9865ms
[debug]       Load.apply: resolveProjects took 4.4055ms
[debug]       Load.apply: finalTransforms took 42.0142ms
[debug]       Load.apply: config.delegates took 2.9613ms
[debug]       Load.apply: Def.make(settings)... took 402.956ms
[debug]       Load.apply: structureIndex took 84.3324ms
[debug]       Load.apply: mkStreams took 1.814ms
[info] loading project definition from C:\Users\sjw49\IdeaProjects\sortNpartition\project
[debug] Running task... Cancel: Signal, check cycles: false, forcegc: true
[debug]     Load.loadUnit: plugins took 4266.4425ms
[debug]     Load.loadUnit: defsScala took 0.0065ms
[debug] [Loading] Scanning directory C:\Users\sjw49\IdeaProjects\sortNpartition
[debug]       Load.loadUnit: mkEval took 0.2336ms
[debug] [Loading] Found root project root w/ remaining 
[debug] deducing auto plugins based on known facts Set(Atom(sbt.plugins.CorePlugin)) and clauses Clauses(Clause(Atom(sbt.plugins.JvmPlugin),Set(Atom(sbt.plugins.IvyPlugin)))
[debug] Clause(Atom(sbt.ScriptedPlugin),Set(Atom(sbt.plugins.JvmPlugin)))
[debug] Clause(Atom(sbt.plugins.SbtPlugin),Set(Atom(sbt.ScriptedPlugin)))
[debug] Clause(Atom(sbt.plugins.SemanticdbPlugin),Set(Atom(sbt.plugins.JvmPlugin)))
[debug] Clause(Atom(sbt.plugins.JUnitXmlReportPlugin),Set(Atom(sbt.plugins.JvmPlugin)))
[debug] Clause(Atom(sbt.plugins.MiniDependencyTreePlugin),Set(Atom(sbt.plugins.JvmPlugin)))
[debug] Clause(Atom(org.jetbrains.sbt.StructurePlugin),Set(Atom(sbt.plugins.JvmPlugin)))
[debug] Clause(Atom(org.jetbrains.sbt.IdeaShellPlugin),Set(Atom(sbt.plugins.JvmPlugin)))
[debug] Clause(Atom(sbt.plugins.CorePlugin),Set(Atom(sbt.plugins.IvyPlugin)))
[debug] Clause(Atom(sbt.plugins.IvyPlugin),Set(Atom(sbt.plugins.JvmPlugin)))
[debug] Clause(Atom(sbt.plugins.JvmPlugin),Set(Atom(sbt.plugins.SemanticdbPlugin)))
[debug] Clause(Atom(sbt.plugins.JvmPlugin),Set(Atom(sbt.plugins.JUnitXmlReportPlugin)))
[debug] Clause(Atom(sbt.plugins.CorePlugin),Set(Atom(sbt.plugins.Giter8TemplatePlugin)))
[debug] Clause(Atom(sbt.plugins.JvmPlugin),Set(Atom(sbt.plugins.MiniDependencyTreePlugin)))
[debug] Clause(Atom(sbt.plugins.JvmPlugin),Set(Atom(org.jetbrains.sbt.StructurePlugin)))
[debug] Clause(Atom(sbt.plugins.JvmPlugin),Set(Atom(org.jetbrains.sbt.IdeaShellPlugin))))
[debug]   :: deduced result: Matched(sbt.plugins.CorePlugin,sbt.plugins.Giter8TemplatePlugin,sbt.plugins.IvyPlugin,sbt.plugins.JvmPlugin,sbt.plugins.SemanticdbPlugin,sbt.plugins.JUnitXmlReportPlugin,org.jetbrains.sbt.IdeaShellPlugin,org.jetbrains.sbt.StructurePlugin,sbt.plugins.MiniDependencyTreePlugin)
[debug] Plugins.deducer#function took 1.5425 ms
[info] loading settings for project root from build.sbt ...
[debug]         Load.resolveProject(root) took 20.4299ms
[debug]       Load.loadTransitive: finalizeProject(Project(id root, base: C:\Users\sjw49\IdeaProjects\sortNpartition, plugins: List(<none>))) took 23.1266ms
[debug] [Loading] Done in C:\Users\sjw49\IdeaProjects\sortNpartition, returning: (root)
[debug]     Load.loadUnit: loadedProjectsRaw took 1015.6574ms
[debug]     Load.loadUnit: cleanEvalClasses took 5.2056ms
[debug]   Load.loadUnit(file:/C:/Users/sjw49/IdeaProjects/sortNpartition/, ...) took 5288.0511ms
[debug] Load.apply: load took 5296.3809ms
[debug] Load.apply: resolveProjects took 0.0767ms
[debug] Load.apply: finalTransforms took 25.4007ms
[debug] Load.apply: config.delegates took 0.2676ms
[debug] Load.apply: Def.make(settings)... took 69.1469ms
[debug] Load.apply: structureIndex took 22.2972ms
[debug] Load.apply: mkStreams took 0.0025ms
[info] set current project to sortNpartition (in build file:/C:/Users/sjw49/IdeaProjects/sortNpartition/)
[debug] > Exec(sbtPopOnFailure, None, None)
[debug] > Exec(resumeFromFailure, None, None)
[debug] > Exec(notifyUsersAboutShell, None, None)
[debug] > Exec(iflast shell, None, None)
[debug] > Exec(idea-shell, None, None)
