[debug] > Exec(;reload; set _root_.org.jetbrains.sbt.StructureKeys.sbtStructureOptions in Global := "download, resolveSourceClassifiers, resolveSbtClassifiers" ;preferScala2;*/*:dumpStructureTo C:/Users/sjw49/AppData/Local/Temp/sbt-structure.xml; session clear-all, None, None)
[debug] > Exec(reload, None, None)
[debug] > Exec(sbtStashOnFailure, None, None)
[debug] > Exec(onFailure loadFailed, None, None)
[debug] > Exec(loadp, None, None)
[info] welcome to sbt 1.8.3 (IBM Corporation Java 11.0.24)
[debug] Load.defaultLoad until apply took 1.7963ms
[debug]           Load.loadUnit: plugins took 8.7745ms
[debug]           Load.loadUnit: defsScala took 0.0026ms
[debug] [Loading] Scanning directory C:\Users\sjw49\IdeaProjects\sortNpartition\project
[debug]             Load.loadUnit: mkEval took 0.2212ms
[debug] [Loading] Found non-root projects 
[debug] [Loading] Done in C:\Users\sjw49\IdeaProjects\sortNpartition\project, returning: ()
[debug] deducing auto plugins based on known facts Set(Atom(sbt.plugins.CorePlugin)) and clauses Clauses(Clause(Atom(sbt.plugins.JvmPlugin),Set(Atom(sbt.plugins.IvyPlugin)))
[debug] Clause(Atom(sbt.ScriptedPlugin),Set(Atom(sbt.plugins.JvmPlugin)))
[debug] Clause(Atom(sbt.plugins.SbtPlugin),Set(Atom(sbt.ScriptedPlugin)))
[debug] Clause(Atom(sbt.plugins.SemanticdbPlugin),Set(Atom(sbt.plugins.JvmPlugin)))
[debug] Clause(Atom(sbt.plugins.JUnitXmlReportPlugin),Set(Atom(sbt.plugins.JvmPlugin)))
[debug] Clause(Atom(sbt.plugins.MiniDependencyTreePlugin),Set(Atom(sbt.plugins.JvmPlugin)))
[debug] Clause(Atom(sbt.plugins.CorePlugin),Set(Atom(sbt.plugins.IvyPlugin)))
[debug] Clause(Atom(sbt.plugins.IvyPlugin),Set(Atom(sbt.plugins.JvmPlugin)))
[debug] Clause(Atom(sbt.plugins.JvmPlugin),Set(Atom(sbt.plugins.SemanticdbPlugin)))
[debug] Clause(Atom(sbt.plugins.JvmPlugin),Set(Atom(sbt.plugins.JUnitXmlReportPlugin)))
[debug] Clause(Atom(sbt.plugins.CorePlugin),Set(Atom(sbt.plugins.Giter8TemplatePlugin)))
[debug] Clause(Atom(sbt.plugins.JvmPlugin),Set(Atom(sbt.plugins.MiniDependencyTreePlugin))))
[debug]   :: deduced result: Matched(sbt.plugins.CorePlugin,sbt.plugins.Giter8TemplatePlugin,sbt.plugins.IvyPlugin,sbt.plugins.JvmPlugin,sbt.plugins.MiniDependencyTreePlugin,sbt.plugins.JUnitXmlReportPlugin,sbt.plugins.SemanticdbPlugin)
[debug] Plugins.deducer#function took 0.5474 ms
[info] loading settings for project sortnpartition-build from idea4755.sbt ...
[debug]               Load.resolveProject(sortnpartition-build) took 1.1342ms
[debug]             Load.loadTransitive: finalizeProject(Project(id sortnpartition-build, base: C:\Users\sjw49\IdeaProjects\sortNpartition\project, plugins: List(<none>))) took 2.147ms
[debug] [Loading] Done in C:\Users\sjw49\IdeaProjects\sortNpartition\project, returning: (sortnpartition-build)
[debug]           Load.loadUnit: loadedProjectsRaw took 17.5162ms
[debug]           Load.loadUnit: cleanEvalClasses took 0.6734ms
[debug]         Load.loadUnit(file:/C:/Users/sjw49/IdeaProjects/sortNpartition/project/, ...) took 27.4022ms
[debug]       Load.apply: load took 28.2085ms
[debug]       Load.apply: resolveProjects took 0.0551ms
[debug]       Load.apply: finalTransforms took 2.3459ms
[debug]       Load.apply: config.delegates took 0.1608ms
[debug]       Load.apply: Def.make(settings)... took 37.0135ms
[debug]       Load.apply: structureIndex took 10.6891ms
[debug]       Load.apply: mkStreams took 0.01ms
[info] loading project definition from C:\Users\sjw49\IdeaProjects\sortNpartition\project
[debug] Running task... Cancel: Signal, check cycles: false, forcegc: true
[debug]     Load.loadUnit: plugins took 177.0809ms
[debug]     Load.loadUnit: defsScala took 0.002ms
[debug] [Loading] Scanning directory C:\Users\sjw49\IdeaProjects\sortNpartition
[debug]       Load.loadUnit: mkEval took 0.2633ms
[debug] [Loading] Found root project root w/ remaining 
[debug] deducing auto plugins based on known facts Set(Atom(sbt.plugins.CorePlugin)) and clauses Clauses(Clause(Atom(sbt.plugins.JvmPlugin),Set(Atom(sbt.plugins.IvyPlugin)))
[debug] Clause(Atom(sbt.ScriptedPlugin),Set(Atom(sbt.plugins.JvmPlugin)))
[debug] Clause(Atom(sbt.plugins.SbtPlugin),Set(Atom(sbt.ScriptedPlugin)))
[debug] Clause(Atom(sbt.plugins.SemanticdbPlugin),Set(Atom(sbt.plugins.JvmPlugin)))
[debug] Clause(Atom(sbt.plugins.JUnitXmlReportPlugin),Set(Atom(sbt.plugins.JvmPlugin)))
[debug] Clause(Atom(sbt.plugins.MiniDependencyTreePlugin),Set(Atom(sbt.plugins.JvmPlugin)))
[debug] Clause(Atom(org.jetbrains.sbt.StructurePlugin),Set(Atom(sbt.plugins.JvmPlugin)))
[debug] Clause(Atom(org.jetbrains.sbt.IdeaShellPlugin),Set(Atom(sbt.plugins.JvmPlugin)))
[debug] Clause(Atom(sbt.plugins.CorePlugin),Set(Atom(sbt.plugins.IvyPlugin)))
[debug] Clause(Atom(sbt.plugins.IvyPlugin),Set(Atom(sbt.plugins.JvmPlugin)))
[debug] Clause(Atom(sbt.plugins.JvmPlugin),Set(Atom(sbt.plugins.SemanticdbPlugin)))
[debug] Clause(Atom(sbt.plugins.JvmPlugin),Set(Atom(sbt.plugins.JUnitXmlReportPlugin)))
[debug] Clause(Atom(sbt.plugins.CorePlugin),Set(Atom(sbt.plugins.Giter8TemplatePlugin)))
[debug] Clause(Atom(sbt.plugins.JvmPlugin),Set(Atom(sbt.plugins.MiniDependencyTreePlugin)))
[debug] Clause(Atom(sbt.plugins.JvmPlugin),Set(Atom(org.jetbrains.sbt.StructurePlugin)))
[debug] Clause(Atom(sbt.plugins.JvmPlugin),Set(Atom(org.jetbrains.sbt.IdeaShellPlugin))))
[debug]   :: deduced result: Matched(sbt.plugins.CorePlugin,sbt.plugins.Giter8TemplatePlugin,sbt.plugins.IvyPlugin,sbt.plugins.JvmPlugin,sbt.plugins.SemanticdbPlugin,sbt.plugins.JUnitXmlReportPlugin,org.jetbrains.sbt.IdeaShellPlugin,org.jetbrains.sbt.StructurePlugin,sbt.plugins.MiniDependencyTreePlugin)
[debug] Plugins.deducer#function took 1.1193 ms
[info] loading settings for project root from build.sbt ...
[debug]         Load.resolveProject(root) took 25.4466ms
[debug]       Load.loadTransitive: finalizeProject(Project(id root, base: C:\Users\sjw49\IdeaProjects\sortNpartition, plugins: List(<none>))) took 26.9994ms
[debug] [Loading] Done in C:\Users\sjw49\IdeaProjects\sortNpartition, returning: (root)
[debug]     Load.loadUnit: loadedProjectsRaw took 438.6246ms
[debug]     Load.loadUnit: cleanEvalClasses took 4.4933ms
[debug]   Load.loadUnit(file:/C:/Users/sjw49/IdeaProjects/sortNpartition/, ...) took 620.6043ms
[debug] Load.apply: load took 622.3564ms
[debug] Load.apply: resolveProjects took 0.089ms
[debug] Load.apply: finalTransforms took 13.398ms
[debug] Load.apply: config.delegates took 0.2615ms
[debug] Load.apply: Def.make(settings)... took 73.0918ms
[debug] Load.apply: structureIndex took 19.2692ms
[debug] Load.apply: mkStreams took 0.0027ms
[warn] Discarding 1 session setting.  Use 'session save' to persist session settings.
[info] set current project to sortNpartition (in build file:/C:/Users/sjw49/IdeaProjects/sortNpartition/)
[debug] > Exec(sbtPopOnFailure, None, None)
[debug] > Exec(resumeFromFailure, None, None)
[debug] > Exec(set _root_.org.jetbrains.sbt.StructureKeys.sbtStructureOptions in Global := "download, resolveSourceClassifiers, resolveSbtClassifiers", None, None)
[info] Defining Global / sbtStructureOptions
[info] The new value will be used by Global / ssOptions
[debug] Defining 
[debug] 	Global / sbtStructureOptions
[debug] 
[debug] The new value will be used by 
[debug] 	Global / ssOptions
[info] Reapplying settings...
[info] set current project to sortNpartition (in build file:/C:/Users/sjw49/IdeaProjects/sortNpartition/)
[debug] > Exec(preferScala2, None, None)
[debug] > Exec(*/*:dumpStructureTo C:/Users/sjw49/AppData/Local/Temp/sbt-structure.xml, None, None)
[debug] Evaluating tasks: Global / dumpStructureTo
[warn] sbt 0.13 shell syntax is deprecated; use slash syntax instead: Global / dumpStructureTo
[debug] Running task... Cancel: Signal, check cycles: false, forcegc: true
[info] downloading https://repo1.maven.org/maven2/org/scala-lang/modules/scala-parallel-collections_2.13/1.0.4/scala-parallel-collections_2.13-1.0.4.pom
[info] downloaded https://repo1.maven.org/maven2/org/scala-lang/modules/scala-parallel-collections_2.13/1.0.4/scala-parallel-collections_2.13-1.0.4.pom
[info] downloading https://repo1.maven.org/maven2/org/scala-lang/modules/scala-parallel-collections_2.13/1.0.4/scala-parallel-collections_2.13-1.0.4.jar
[info] downloaded https://repo1.maven.org/maven2/org/scala-lang/modules/scala-parallel-collections_2.13/1.0.4/scala-parallel-collections_2.13-1.0.4.jar
[info] downloading https://repo1.maven.org/maven2/org/scala-lang/modules/scala-parallel-collections_2.13/1.0.4/scala-parallel-collections_2.13-1.0.4-sources.jar
[info] downloaded https://repo1.maven.org/maven2/org/scala-lang/modules/scala-parallel-collections_2.13/1.0.4/scala-parallel-collections_2.13-1.0.4-sources.jar
[info] Writing structure to C:\Users\sjw49\AppData\Local\Temp\sbt-structure.xml...
[info] Done.
[success] Total time: 2 s, completed 2024. 11. 14. 오후 10:33:35
[debug] > Exec(session clear-all, None, None)
[info] Reapplying settings...
[info] set current project to sortNpartition (in build file:/C:/Users/sjw49/IdeaProjects/sortNpartition/)
[debug] > Exec(idea-shell, None, None)
