[debug] > Exec(compile, None, None)
[warn] build source files have changed
[warn] modified files: 
[warn]   C:\Users\sjw49\IdeaProjects\grpc_test\build.sbt
[warn] Apply these changes by running `reload`.
[warn] Automatically reload the build when source changes are detected by setting `Global / onChangedBuildSource := ReloadOnSourceChanges`.
[warn] Disable this warning by setting `Global / onChangedBuildSource := IgnoreSourceChanges`.
[debug] Evaluating tasks: Compile / compile
[debug] Running task... Cancel: Signal, check cycles: false, forcegc: true
[info] compiling 5 Scala sources to C:\Users\sjw49\IdeaProjects\grpc_test\target\scala-2.13\classes ...
[error] C:\Users\sjw49\IdeaProjects\grpc_test\target\scala-2.13\src_managed\main\scalapb\hello\hello\GreeterGrpc.scala:10:32: object io is not a member of package <root>
[error]   val METHOD_SAY_HELLO: _root_.io.grpc.MethodDescriptor[hello.hello.HelloRequest, hello.hello.HelloReply] =
[error]                                ^
[error] C:\Users\sjw49\IdeaProjects\grpc_test\target\scala-2.13\src_managed\main\scalapb\hello\hello\GreeterGrpc.scala:11:12: object io is not a member of package <root>
[error]     _root_.io.grpc.MethodDescriptor.newBuilder()
[error]            ^
[error] C:\Users\sjw49\IdeaProjects\grpc_test\target\scala-2.13\src_managed\main\scalapb\hello\hello\GreeterGrpc.scala:12:23: object io is not a member of package <root>
[error]       .setType(_root_.io.grpc.MethodDescriptor.MethodType.UNARY)
[error]                       ^
[error] C:\Users\sjw49\IdeaProjects\grpc_test\target\scala-2.13\src_managed\main\scalapb\hello\hello\GreeterGrpc.scala:13:33: object io is not a member of package <root>
[error]       .setFullMethodName(_root_.io.grpc.MethodDescriptor.generateFullMethodName("hello.Greeter", "SayHello"))
[error]                                 ^
[error] C:\Users\sjw49\IdeaProjects\grpc_test\target\scala-2.13\src_managed\main\scalapb\hello\hello\GreeterGrpc.scala:15:44: object grpc is not a member of package scalapb
[error]       .setRequestMarshaller(_root_.scalapb.grpc.Marshaller.forMessage[hello.hello.HelloRequest])
[error]                                            ^
[error] C:\Users\sjw49\IdeaProjects\grpc_test\target\scala-2.13\src_managed\main\scalapb\hello\hello\GreeterGrpc.scala:16:45: object grpc is not a member of package scalapb
[error]       .setResponseMarshaller(_root_.scalapb.grpc.Marshaller.forMessage[hello.hello.HelloReply])
[error]                                             ^
[error] C:\Users\sjw49\IdeaProjects\grpc_test\target\scala-2.13\src_managed\main\scalapb\hello\hello\GreeterGrpc.scala:17:43: object grpc is not a member of package scalapb
[error]       .setSchemaDescriptor(_root_.scalapb.grpc.ConcreteProtoMethodDescriptorSupplier.fromMethodDescriptor(hello.hello.HelloProto.javaDescriptor.getServices().get(0).getMethods().get(0)))
[error]                                           ^
[error] C:\Users\sjw49\IdeaProjects\grpc_test\target\scala-2.13\src_managed\main\scalapb\hello\hello\GreeterGrpc.scala:20:23: object io is not a member of package <root>
[error]   val SERVICE: _root_.io.grpc.ServiceDescriptor =
[error]                       ^
[error] C:\Users\sjw49\IdeaProjects\grpc_test\target\scala-2.13\src_managed\main\scalapb\hello\hello\GreeterGrpc.scala:21:12: object io is not a member of package <root>
[error]     _root_.io.grpc.ServiceDescriptor.newBuilder("hello.Greeter")
[error]            ^
[error] C:\Users\sjw49\IdeaProjects\grpc_test\target\scala-2.13\src_managed\main\scalapb\hello\hello\GreeterGrpc.scala:22:47: object grpc is not a member of package scalapb
[error]       .setSchemaDescriptor(new _root_.scalapb.grpc.ConcreteProtoFileDescriptorSupplier(hello.hello.HelloProto.javaDescriptor))
[error]                                               ^
[error] C:\Users\sjw49\IdeaProjects\grpc_test\target\scala-2.13\src_managed\main\scalapb\hello\hello\GreeterGrpc.scala:26:40: object grpc is not a member of package scalapb
[error]   trait Greeter extends _root_.scalapb.grpc.AbstractService {
[error]                                        ^
[error] C:\Users\sjw49\IdeaProjects\grpc_test\target\scala-2.13\src_managed\main\scalapb\hello\hello\GreeterGrpc.scala:31:41: object grpc is not a member of package scalapb
[error]   object Greeter extends _root_.scalapb.grpc.ServiceCompanion[Greeter] {
[error]                                         ^
[error] C:\Users\sjw49\IdeaProjects\grpc_test\target\scala-2.13\src_managed\main\scalapb\hello\hello\GreeterGrpc.scala:32:51: object grpc is not a member of package scalapb
[error]     implicit def serviceCompanion: _root_.scalapb.grpc.ServiceCompanion[Greeter] = this
[error]                                                   ^
[error] C:\Users\sjw49\IdeaProjects\grpc_test\target\scala-2.13\src_managed\main\scalapb\hello\hello\GreeterGrpc.scala:35:104: object io is not a member of package <root>
[error]     def bindService(serviceImpl: Greeter, executionContext: scala.concurrent.ExecutionContext): _root_.io.grpc.ServerServiceDefinition =
[error]                                                                                                        ^
[error] C:\Users\sjw49\IdeaProjects\grpc_test\target\scala-2.13\src_managed\main\scalapb\hello\hello\GreeterGrpc.scala:36:14: object io is not a member of package <root>
[error]       _root_.io.grpc.ServerServiceDefinition.builder(SERVICE)
[error]              ^
[error] C:\Users\sjw49\IdeaProjects\grpc_test\target\scala-2.13\src_managed\main\scalapb\hello\hello\GreeterGrpc.scala:39:16: object io is not a member of package <root>
[error]         _root_.io.grpc.stub.ServerCalls.asyncUnaryCall(new _root_.io.grpc.stub.ServerCalls.UnaryMethod[hello.hello.HelloRequest, hello.hello.HelloReply] {
[error]                ^
[error] C:\Users\sjw49\IdeaProjects\grpc_test\target\scala-2.13\src_managed\main\scalapb\hello\hello\GreeterGrpc.scala:39:67: object io is not a member of package <root>
[error]         _root_.io.grpc.stub.ServerCalls.asyncUnaryCall(new _root_.io.grpc.stub.ServerCalls.UnaryMethod[hello.hello.HelloRequest, hello.hello.HelloReply] {
[error]                                                                   ^
[error] C:\Users\sjw49\IdeaProjects\grpc_test\target\scala-2.13\src_managed\main\scalapb\hello\hello\GreeterGrpc.scala:40:83: object io is not a member of package <root>
[error]           override def invoke(request: hello.hello.HelloRequest, observer: _root_.io.grpc.stub.StreamObserver[hello.hello.HelloReply]): _root_.scala.Unit =
[error]                                                                                   ^
[error] C:\Users\sjw49\IdeaProjects\grpc_test\target\scala-2.13\src_managed\main\scalapb\hello\hello\GreeterGrpc.scala:41:62: object grpc is not a member of package scalapb
[error]             serviceImpl.sayHello(request).onComplete(scalapb.grpc.Grpc.completeObserver(observer))(
[error]                                                              ^
[error] C:\Users\sjw49\IdeaProjects\grpc_test\target\scala-2.13\src_managed\main\scalapb\hello\hello\GreeterGrpc.scala:52:151: object io is not a member of package <root>
[error]   class GreeterBlockingStub(channel: _root_.io.grpc.Channel, options: _root_.io.grpc.CallOptions = _root_.io.grpc.CallOptions.DEFAULT) extends _root_.io.grpc.stub.AbstractStub[GreeterBlockingStub](channel, options) with GreeterBlockingClient {
[error]                                                                                                                                                       ^
[error] C:\Users\sjw49\IdeaProjects\grpc_test\target\scala-2.13\src_managed\main\scalapb\hello\hello\GreeterGrpc.scala:52:45: object io is not a member of package <root>
[error]   class GreeterBlockingStub(channel: _root_.io.grpc.Channel, options: _root_.io.grpc.CallOptions = _root_.io.grpc.CallOptions.DEFAULT) extends _root_.io.grpc.stub.AbstractStub[GreeterBlockingStub](channel, options) with GreeterBlockingClient {
[error]                                             ^
[error] C:\Users\sjw49\IdeaProjects\grpc_test\target\scala-2.13\src_managed\main\scalapb\hello\hello\GreeterGrpc.scala:52:78: object io is not a member of package <root>
[error]   class GreeterBlockingStub(channel: _root_.io.grpc.Channel, options: _root_.io.grpc.CallOptions = _root_.io.grpc.CallOptions.DEFAULT) extends _root_.io.grpc.stub.AbstractStub[GreeterBlockingStub](channel, options) with GreeterBlockingClient {
[error]                                                                              ^
[error] C:\Users\sjw49\IdeaProjects\grpc_test\target\scala-2.13\src_managed\main\scalapb\hello\hello\GreeterGrpc.scala:52:107: object io is not a member of package <root>
[error]   class GreeterBlockingStub(channel: _root_.io.grpc.Channel, options: _root_.io.grpc.CallOptions = _root_.io.grpc.CallOptions.DEFAULT) extends _root_.io.grpc.stub.AbstractStub[GreeterBlockingStub](channel, options) with GreeterBlockingClient {
[error]                                                                                                           ^
[error] C:\Users\sjw49\IdeaProjects\grpc_test\target\scala-2.13\src_managed\main\scalapb\hello\hello\GreeterGrpc.scala:52:198: no arguments allowed for nullary constructor Object: (): Object
[error]   class GreeterBlockingStub(channel: _root_.io.grpc.Channel, options: _root_.io.grpc.CallOptions = _root_.io.grpc.CallOptions.DEFAULT) extends _root_.io.grpc.stub.AbstractStub[GreeterBlockingStub](channel, options) with GreeterBlockingClient {
[error]                                                                                                                                                                                                      ^
[error] C:\Users\sjw49\IdeaProjects\grpc_test\target\scala-2.13\src_managed\main\scalapb\hello\hello\GreeterGrpc.scala:54:22: object grpc is not a member of package scalapb
[error]       _root_.scalapb.grpc.ClientCalls.blockingUnaryCall(channel, METHOD_SAY_HELLO, options, request)
[error]                      ^
[error] C:\Users\sjw49\IdeaProjects\grpc_test\target\scala-2.13\src_managed\main\scalapb\hello\hello\GreeterGrpc.scala:57:40: object io is not a member of package <root>
[error]     override def build(channel: _root_.io.grpc.Channel, options: _root_.io.grpc.CallOptions): GreeterBlockingStub = new GreeterBlockingStub(channel, options)
[error]                                        ^
[error] C:\Users\sjw49\IdeaProjects\grpc_test\target\scala-2.13\src_managed\main\scalapb\hello\hello\GreeterGrpc.scala:57:73: object io is not a member of package <root>
[error]     override def build(channel: _root_.io.grpc.Channel, options: _root_.io.grpc.CallOptions): GreeterBlockingStub = new GreeterBlockingStub(channel, options)
[error]                                                                         ^
[error] C:\Users\sjw49\IdeaProjects\grpc_test\target\scala-2.13\src_managed\main\scalapb\hello\hello\GreeterGrpc.scala:60:143: object io is not a member of package <root>
[error]   class GreeterStub(channel: _root_.io.grpc.Channel, options: _root_.io.grpc.CallOptions = _root_.io.grpc.CallOptions.DEFAULT) extends _root_.io.grpc.stub.AbstractStub[GreeterStub](channel, options) with Greeter {
[error]                                                                                                                                               ^
[error] C:\Users\sjw49\IdeaProjects\grpc_test\target\scala-2.13\src_managed\main\scalapb\hello\hello\GreeterGrpc.scala:60:37: object io is not a member of package <root>
[error]   class GreeterStub(channel: _root_.io.grpc.Channel, options: _root_.io.grpc.CallOptions = _root_.io.grpc.CallOptions.DEFAULT) extends _root_.io.grpc.stub.AbstractStub[GreeterStub](channel, options) with Greeter {
[error]                                     ^
[error] C:\Users\sjw49\IdeaProjects\grpc_test\target\scala-2.13\src_managed\main\scalapb\hello\hello\GreeterGrpc.scala:60:70: object io is not a member of package <root>
[error]   class GreeterStub(channel: _root_.io.grpc.Channel, options: _root_.io.grpc.CallOptions = _root_.io.grpc.CallOptions.DEFAULT) extends _root_.io.grpc.stub.AbstractStub[GreeterStub](channel, options) with Greeter {
[error]                                                                      ^
[error] C:\Users\sjw49\IdeaProjects\grpc_test\target\scala-2.13\src_managed\main\scalapb\hello\hello\GreeterGrpc.scala:68:37: object io is not a member of package <root>
[error]   object GreeterStub extends _root_.io.grpc.stub.AbstractStub.StubFactory[GreeterStub] {
[error]                                     ^
[error] C:\Users\sjw49\IdeaProjects\grpc_test\target\scala-2.13\src_managed\main\scalapb\hello\hello\GreeterGrpc.scala:60:99: object io is not a member of package <root>
[error]   class GreeterStub(channel: _root_.io.grpc.Channel, options: _root_.io.grpc.CallOptions = _root_.io.grpc.CallOptions.DEFAULT) extends _root_.io.grpc.stub.AbstractStub[GreeterStub](channel, options) with Greeter {
[error]                                                                                                   ^
[error] C:\Users\sjw49\IdeaProjects\grpc_test\target\scala-2.13\src_managed\main\scalapb\hello\hello\GreeterGrpc.scala:60:182: no arguments allowed for nullary constructor Object: (): Object
[error]   class GreeterStub(channel: _root_.io.grpc.Channel, options: _root_.io.grpc.CallOptions = _root_.io.grpc.CallOptions.DEFAULT) extends _root_.io.grpc.stub.AbstractStub[GreeterStub](channel, options) with Greeter {
[error]                                                                                                                                                                                      ^
[error] C:\Users\sjw49\IdeaProjects\grpc_test\target\scala-2.13\src_managed\main\scalapb\hello\hello\GreeterGrpc.scala:62:22: object grpc is not a member of package scalapb
[error]       _root_.scalapb.grpc.ClientCalls.asyncUnaryCall(channel, METHOD_SAY_HELLO, options, request)
[error]                      ^
[error] C:\Users\sjw49\IdeaProjects\grpc_test\target\scala-2.13\src_managed\main\scalapb\hello\hello\GreeterGrpc.scala:65:40: object io is not a member of package <root>
[error]     override def build(channel: _root_.io.grpc.Channel, options: _root_.io.grpc.CallOptions): GreeterStub = new GreeterStub(channel, options)
[error]                                        ^
[error] C:\Users\sjw49\IdeaProjects\grpc_test\target\scala-2.13\src_managed\main\scalapb\hello\hello\GreeterGrpc.scala:65:73: object io is not a member of package <root>
[error]     override def build(channel: _root_.io.grpc.Channel, options: _root_.io.grpc.CallOptions): GreeterStub = new GreeterStub(channel, options)
[error]                                                                         ^
[error] C:\Users\sjw49\IdeaProjects\grpc_test\target\scala-2.13\src_managed\main\scalapb\hello\hello\GreeterGrpc.scala:69:42: object io is not a member of package <root>
[error]     override def newStub(channel: _root_.io.grpc.Channel, options: _root_.io.grpc.CallOptions): GreeterStub = new GreeterStub(channel, options)
[error]                                          ^
[error] C:\Users\sjw49\IdeaProjects\grpc_test\target\scala-2.13\src_managed\main\scalapb\hello\hello\GreeterGrpc.scala:69:75: object io is not a member of package <root>
[error]     override def newStub(channel: _root_.io.grpc.Channel, options: _root_.io.grpc.CallOptions): GreeterStub = new GreeterStub(channel, options)
[error]                                                                           ^
[error] C:\Users\sjw49\IdeaProjects\grpc_test\target\scala-2.13\src_managed\main\scalapb\hello\hello\GreeterGrpc.scala:71:38: object io is not a member of package <root>
[error]     implicit val stubFactory: _root_.io.grpc.stub.AbstractStub.StubFactory[GreeterStub] = this
[error]                                      ^
[error] C:\Users\sjw49\IdeaProjects\grpc_test\target\scala-2.13\src_managed\main\scalapb\hello\hello\GreeterGrpc.scala:74:102: object io is not a member of package <root>
[error]   def bindService(serviceImpl: Greeter, executionContext: scala.concurrent.ExecutionContext): _root_.io.grpc.ServerServiceDefinition = Greeter.bindService(serviceImpl, executionContext)
[error]                                                                                                      ^
[error] C:\Users\sjw49\IdeaProjects\grpc_test\target\scala-2.13\src_managed\main\scalapb\hello\hello\GreeterGrpc.scala:76:36: object io is not a member of package <root>
[error]   def blockingStub(channel: _root_.io.grpc.Channel): GreeterBlockingStub = new GreeterBlockingStub(channel)
[error]                                    ^
[error] C:\Users\sjw49\IdeaProjects\grpc_test\target\scala-2.13\src_managed\main\scalapb\hello\hello\GreeterGrpc.scala:78:28: object io is not a member of package <root>
[error]   def stub(channel: _root_.io.grpc.Channel): GreeterStub = new GreeterStub(channel)
[error]                            ^
[error] 42 errors found
[error] (Compile / compileIncremental) Compilation failed
[error] Total time: 2 s, completed 2024. 11. 7. 오후 8:23:51
[debug] > Exec(idea-shell, None, None)
