[debug] > Exec(runMain FileTransferServer, None, None)
[debug] Evaluating tasks: Compile / runMain
[debug] Running task... Cancel: Signal, check cycles: false, forcegc: true
[error] java.lang.ClassNotFoundException: FileTransferServer
[error] 	at java.base/java.lang.Class.forNameImpl(Native Method)
[error] 	at java.base/java.lang.Class.forName(Class.java:418)
[error] 	at sbt.Run.getMainMethod(Run.scala:160)
[error] 	at sbt.Run.execute$1(Run.scala:92)
[error] 	at sbt.Run.$anonfun$runWithLoader$5(Run.scala:120)
[error] 	at sbt.Run$.executeSuccess(Run.scala:186)
[error] 	at sbt.Run.runWithLoader(Run.scala:120)
[error] 	at sbt.Defaults$.$anonfun$bgRunMainTask$7(Defaults.scala:1948)
[error] 	at sbt.Defaults$.$anonfun$termWrapper$2(Defaults.scala:1919)
[error] 	at scala.runtime.java8.JFunction0$mcV$sp.apply(JFunction0$mcV$sp.java:23)
[error] 	at scala.util.Try$.apply(Try.scala:213)
[error] 	at sbt.internal.BackgroundThreadPool$BackgroundRunnable.run(DefaultBackgroundJobService.scala:366)
[error] 	at java.base/java.util.concurrent.ThreadPoolExecutor.runWorker(ThreadPoolExecutor.java:1128)
[error] 	at java.base/java.util.concurrent.ThreadPoolExecutor$Worker.run(ThreadPoolExecutor.java:628)
[error] 	at java.base/java.lang.Thread.run(Thread.java:839)
[error] (Compile / runMain) java.lang.ClassNotFoundException: FileTransferServer
[error] Total time: 1 s, completed 2024. 11. 13. 오후 4:01:42
[debug] > Exec(idea-shell, None, None)
