[debug] > Exec(runMain GreeterServer, None, None)
[warn] build source files have changed
[warn] modified files: 
[warn]   C:\Users\sjw49\IdeaProjects\grpc_test\build.sbt
[warn] Apply these changes by running `reload`.
[warn] Automatically reload the build when source changes are detected by setting `Global / onChangedBuildSource := ReloadOnSourceChanges`.
[warn] Disable this warning by setting `Global / onChangedBuildSource := IgnoreSourceChanges`.
[debug] Evaluating tasks: Compile / runMain
[debug] Running task... Cancel: Signal, check cycles: false, forcegc: true
[info] compiling 2 Scala sources to C:\Users\sjw49\IdeaProjects\grpc_test\target\scala-2.13\classes ...
[error] C:\Users\sjw49\IdeaProjects\grpc_test\src\main\scala\GreeterClient.scala:12:16: not found: value GreeterGrpc
[error]     val stub = GreeterGrpc.stub(channel)
[error]                ^
[error] C:\Users\sjw49\IdeaProjects\grpc_test\src\main\scala\GreeterClient.scala:14:19: not found: value HelloRequest
[error]     val request = HelloRequest(name = "World")
[error]                   ^
[error] C:\Users\sjw49\IdeaProjects\grpc_test\src\main\scala\GreeterClient.scala:14:32: not found: value name
[error]     val request = HelloRequest(name = "World")
[error]                                ^
[error] C:\Users\sjw49\IdeaProjects\grpc_test\src\main\scala\GreeterClient.scala:15:32: not found: type HelloReply
[error]     val responseFuture: Future[HelloReply] = stub.sayHello(request)
[error]                                ^
[error] C:\Users\sjw49\IdeaProjects\grpc_test\src\main\scala\GreeterClient.scala:18:37: value message is not a member of Nothing
[error]     println("Greeting: " + response.message)
[error]                                     ^
[error] C:\Users\sjw49\IdeaProjects\grpc_test\src\main\scala\GreeterServer.scala:41:29: not found: value GreeterGrpc
[error]   class GreeterImpl extends GreeterGrpc.Greeter {
[error]                             ^
[error] C:\Users\sjw49\IdeaProjects\grpc_test\src\main\scala\GreeterServer.scala:18:19: not found: value GreeterGrpc
[error]       .addService(GreeterGrpc.bindService(new GreeterImpl, executionContext))
[error]                   ^
[error] C:\Users\sjw49\IdeaProjects\grpc_test\src\main\scala\GreeterServer.scala:42:54: not found: type HelloReply
[error]     override def sayHello(req: HelloRequest): Future[HelloReply] = {
[error]                                                      ^
[error] C:\Users\sjw49\IdeaProjects\grpc_test\src\main\scala\GreeterServer.scala:42:32: not found: type HelloRequest
[error]     override def sayHello(req: HelloRequest): Future[HelloReply] = {
[error]                                ^
[error] C:\Users\sjw49\IdeaProjects\grpc_test\src\main\scala\GreeterServer.scala:43:19: not found: value HelloReply
[error]       val reply = HelloReply(message = "Hello " + req.name)
[error]                   ^
[error] C:\Users\sjw49\IdeaProjects\grpc_test\src\main\scala\GreeterServer.scala:43:30: not found: value message
[error]       val reply = HelloReply(message = "Hello " + req.name)
[error]                              ^
[error] 11 errors found
[error] (Compile / compileIncremental) Compilation failed
[error] Total time: 4 s, completed 2024. 11. 7. 오후 8:29:36
[debug] > Exec(idea-shell, None, None)
